<?xml version="1.0" encoding="UTF-8"?>
<testng-results ignored="0" total="0" passed="0" failed="0" skipped="0">
  <reporter-output>
  </reporter-output>
  <suite started-at="2023-11-27T21:37:58 IST" name="OpencartSuite" finished-at="2023-11-27T21:37:59 IST" duration-ms="359">
    <groups>
    </groups>
    <test started-at="2023-11-27T21:37:58 IST" name="OpencartTest" finished-at="2023-11-27T21:37:59 IST" duration-ms="359">
    </test> <!-- OpencartTest -->
  </suite> <!-- OpencartSuite -->
</testng-results>
